Jun 03, 2022 1:26:42 PM org.apache.catalina.startup.VersionLoggerListener log
INFORMATION: Server version:        Apache Tomcat (TomEE)/7.0.81 (1.7.5)
Jun 03, 2022 1:26:42 PM org.apache.catalina.startup.VersionLoggerListener log
INFORMATION: Server built:          Aug 11 2017 10:21:27 UTC
Jun 03, 2022 1:26:42 PM org.apache.catalina.startup.VersionLoggerListener log
INFORMATION: Server number:         7.0.81.0
Jun 03, 2022 1:26:42 PM org.apache.catalina.startup.VersionLoggerListener log
INFORMATION: OS Name:               Windows 10
Jun 03, 2022 1:26:42 PM org.apache.catalina.startup.VersionLoggerListener log
INFORMATION: OS Version:            10.0
Jun 03, 2022 1:26:42 PM org.apache.catalina.startup.VersionLoggerListener log
INFORMATION: Architecture:          amd64
Jun 03, 2022 1:26:42 PM org.apache.catalina.startup.VersionLoggerListener log
INFORMATION: Java Home:             C:\Program Files\Java\jdk1.8.0_311\jre
Jun 03, 2022 1:26:42 PM org.apache.catalina.startup.VersionLoggerListener log
INFORMATION: JVM Version:           1.8.0_311-b11
Jun 03, 2022 1:26:42 PM org.apache.catalina.startup.VersionLoggerListener log
INFORMATION: JVM Vendor:            Oracle Corporation
Jun 03, 2022 1:26:42 PM org.apache.catalina.startup.VersionLoggerListener log
INFORMATION: CATALINA_BASE:         C:\Users\ebel\Desktop\SDK_cloud\address-manager\application\target\apache-tomee
Jun 03, 2022 1:26:42 PM org.apache.catalina.startup.VersionLoggerListener log
INFORMATION: CATALINA_HOME:         C:\Users\ebel\Desktop\SDK_cloud\address-manager\application\target\apache-tomee
Jun 03, 2022 1:26:42 PM org.apache.catalina.startup.VersionLoggerListener log
INFORMATION: Command line argument: -XX:+HeapDumpOnOutOfMemoryError
Jun 03, 2022 1:26:42 PM org.apache.catalina.startup.VersionLoggerListener log
INFORMATION: Command line argument: -Dorg.apache.catalina.STRICT_SERVLET_COMPLIANCE=false
Jun 03, 2022 1:26:42 PM org.apache.catalina.startup.VersionLoggerListener log
INFORMATION: Command line argument: -Dopenejb.session.manager=org.apache.tomee.catalina.session.QuickSessionManager
Jun 03, 2022 1:26:42 PM org.apache.catalina.startup.VersionLoggerListener log
INFORMATION: Command line argument: -Dtomee.remote.support=true
Jun 03, 2022 1:26:42 PM org.apache.catalina.startup.VersionLoggerListener log
INFORMATION: Command line argument: -Dopenejb.system.apps=false
Jun 03, 2022 1:26:42 PM org.apache.catalina.startup.VersionLoggerListener log
INFORMATION: Command line argument: -Djava.util.logging.config.file=C:\Users\ebel\Desktop\SDK_cloud\address-manager\application\target\apache-tomee\conf\logging.properties
Jun 03, 2022 1:26:42 PM org.apache.catalina.startup.VersionLoggerListener log
INFORMATION: Command line argument: -javaagent:C:\Users\ebel\Desktop\SDK_cloud\address-manager\application\target\apache-tomee\lib\openejb-javaagent.jar
Jun 03, 2022 1:26:42 PM org.apache.catalina.startup.VersionLoggerListener log
INFORMATION: Command line argument: -Djava.util.logging.manager=org.apache.juli.ClassLoaderLogManager
Jun 03, 2022 1:26:42 PM org.apache.catalina.startup.VersionLoggerListener log
INFORMATION: Command line argument: -Djava.io.tmpdir=C:\Users\ebel\Desktop\SDK_cloud\address-manager\application\target\apache-tomee\temp
Jun 03, 2022 1:26:42 PM org.apache.catalina.startup.VersionLoggerListener log
INFORMATION: Command line argument: -Djava.endorsed.dirs=C:\Users\ebel\Desktop\SDK_cloud\address-manager\application\target\apache-tomee\endorsed
Jun 03, 2022 1:26:42 PM org.apache.catalina.startup.VersionLoggerListener log
INFORMATION: Command line argument: -Dcatalina.base=C:\Users\ebel\Desktop\SDK_cloud\address-manager\application\target\apache-tomee
Jun 03, 2022 1:26:42 PM org.apache.catalina.startup.VersionLoggerListener log
INFORMATION: Command line argument: -Dcatalina.home=C:\Users\ebel\Desktop\SDK_cloud\address-manager\application\target\apache-tomee
Jun 03, 2022 1:26:42 PM org.apache.catalina.startup.VersionLoggerListener log
INFORMATION: Command line argument: -Dcatalina.ext.dirs=C:\Users\ebel\Desktop\SDK_cloud\address-manager\application\target\apache-tomee\lib
Jun 03, 2022 1:26:42 PM org.apache.catalina.startup.VersionLoggerListener log
INFORMATION: Command line argument: -Dorg.apache.tomcat.util.http.ServerCookie.ALLOW_HTTP_SEPARATORS_IN_V0=true
Jun 03, 2022 1:26:42 PM org.apache.catalina.startup.VersionLoggerListener log
INFORMATION: Command line argument: -ea
Jun 03, 2022 1:26:42 PM org.apache.catalina.core.AprLifecycleListener lifecycleEvent
INFORMATION: The APR based Apache Tomcat Native library which allows optimal performance in production environments was not found on the java.library.path: C:\Program Files\Java\jdk1.8.0_311\jre\bin;C:\Windows\Sun\Java\bin;C:\Windows\system32;C:\Windows;C:\Windows\system32;C:\Windows;C:\Windows\System32\Wbem;C:\Windows\System32\WindowsPowerShell\v1.0\;C:\Windows\System32\OpenSSH\;JAVA_HOME%\bin;C:\Program Files\Microsoft SQL Server\Client SDK\ODBC\170\Tools\Binn\;C:\Program Files (x86)\Microsoft SQL Server\150\Tools\Binn\;C:\Program Files\Microsoft SQL Server\150\Tools\Binn\;C:\Program Files\Microsoft SQL Server\150\DTS\Binn\;C:\Program Files\Java\jdk1.8.0_311\bin;C:\Program Files\apache-maven-3.8.5-bin\apache-maven-3.8.5\bin;C:\Users\ebel\AppData\Local\Microsoft\WindowsApps;;.
Jun 03, 2022 1:26:43 PM org.apache.coyote.AbstractProtocol init
INFORMATION: Initializing ProtocolHandler ["http-bio-8080"]
Jun 03, 2022 1:26:43 PM org.apache.coyote.AbstractProtocol init
INFORMATION: Initializing ProtocolHandler ["ajp-bio-8009"]
Jun 03, 2022 1:26:43 PM org.apache.openejb.util.OptionsLog info
INFORMATION: Using 'tomee.remote.support=true'
Jun 03, 2022 1:26:43 PM org.apache.openejb.util.OptionsLog info
INFORMATION: Using 'openejb.jdbc.datasource-creator=org.apache.tomee.jdbc.TomEEDataSourceCreator'
Jun 03, 2022 1:26:43 PM org.apache.openejb.OpenEJB$Instance <init>
INFORMATION: ********************************************************************************
Jun 03, 2022 1:26:43 PM org.apache.openejb.OpenEJB$Instance <init>
INFORMATION: OpenEJB http://tomee.apache.org/
Jun 03, 2022 1:26:43 PM org.apache.openejb.OpenEJB$Instance <init>
INFORMATION: Startup: Fri Jun 03 13:26:43 CEST 2022
Jun 03, 2022 1:26:43 PM org.apache.openejb.OpenEJB$Instance <init>
INFORMATION: Copyright 1999-2015 (C) Apache OpenEJB/TomEE Project, All Rights Reserved.
Jun 03, 2022 1:26:43 PM org.apache.openejb.OpenEJB$Instance <init>
INFORMATION: Version: 4.7.5
Jun 03, 2022 1:26:43 PM org.apache.openejb.OpenEJB$Instance <init>
INFORMATION: Build date: 20170927
Jun 03, 2022 1:26:43 PM org.apache.openejb.OpenEJB$Instance <init>
INFORMATION: Build time: 12:02
Jun 03, 2022 1:26:43 PM org.apache.openejb.OpenEJB$Instance <init>
INFORMATION: ********************************************************************************
Jun 03, 2022 1:26:43 PM org.apache.openejb.OpenEJB$Instance <init>
INFORMATION: openejb.home = C:\Users\ebel\Desktop\SDK_cloud\address-manager\application\target\apache-tomee
Jun 03, 2022 1:26:43 PM org.apache.openejb.OpenEJB$Instance <init>
INFORMATION: openejb.base = C:\Users\ebel\Desktop\SDK_cloud\address-manager\application\target\apache-tomee
Jun 03, 2022 1:26:43 PM org.apache.openejb.cdi.CdiBuilder initializeOWB
INFORMATION: Created new singletonService org.apache.openejb.cdi.ThreadSingletonServiceImpl@5e25a92e
Jun 03, 2022 1:26:43 PM org.apache.openejb.cdi.CdiBuilder initializeOWB
INFORMATION: Succeeded in installing singleton service
Jun 03, 2022 1:26:43 PM org.apache.openejb.config.ConfigurationFactory init
INFORMATION: openejb configuration file is 'C:\Users\ebel\Desktop\SDK_cloud\address-manager\application\target\apache-tomee\conf\tomee.xml'
Jun 03, 2022 1:26:43 PM org.apache.openejb.config.ConfigurationFactory configureService
INFORMATION: Configuring Service(id=Tomcat Security Service, type=SecurityService, provider-id=Tomcat Security Service)
Jun 03, 2022 1:26:43 PM org.apache.openejb.config.ConfigurationFactory configureService
INFORMATION: Configuring Service(id=Default Transaction Manager, type=TransactionManager, provider-id=Default Transaction Manager)
Jun 03, 2022 1:26:43 PM org.apache.openejb.util.OptionsLog info
INFORMATION: Using 'openejb.system.apps=false'
Jun 03, 2022 1:26:43 PM org.apache.openejb.util.OptionsLog info
INFORMATION: Using 'openejb.deployments.classpath=false'
Jun 03, 2022 1:26:43 PM org.apache.openejb.assembler.classic.Assembler createRecipe
INFORMATION: Creating TransactionManager(id=Default Transaction Manager)
Jun 03, 2022 1:26:43 PM org.apache.openejb.assembler.classic.Assembler createRecipe
INFORMATION: Creating SecurityService(id=Tomcat Security Service)
Jun 03, 2022 1:26:43 PM org.apache.openejb.server.ServiceManager initServer
INFORMATION: Creating ServerService(id=cxf-rs)
Jun 03, 2022 1:26:44 PM org.apache.openejb.server.SimpleServiceManager start
INFORMATION:   ** Bound Services **
Jun 03, 2022 1:26:44 PM org.apache.openejb.server.SimpleServiceManager printRow
INFORMATION:   NAME                 IP              PORT  
Jun 03, 2022 1:26:44 PM org.apache.openejb.server.SimpleServiceManager start
INFORMATION: -------
Jun 03, 2022 1:26:44 PM org.apache.openejb.server.SimpleServiceManager start
INFORMATION: Ready!
Jun 03, 2022 1:26:44 PM org.apache.catalina.startup.Catalina load
INFORMATION: Initialization processed in 1854 ms
Jun 03, 2022 1:26:44 PM org.apache.tomee.catalina.OpenEJBNamingContextListener bindResource
INFORMATION: Importing a Tomcat Resource with id 'UserDatabase' of type 'org.apache.catalina.UserDatabase'.
Jun 03, 2022 1:26:44 PM org.apache.openejb.assembler.classic.Assembler createRecipe
INFORMATION: Creating Resource(id=UserDatabase)
Jun 03, 2022 1:26:44 PM org.apache.catalina.core.StandardService startInternal
INFORMATION: Starting service Catalina
Jun 03, 2022 1:26:44 PM org.apache.catalina.core.StandardEngine startInternal
INFORMATION: Starting Servlet Engine: Apache Tomcat (TomEE)/7.0.81 (1.7.5)
Jun 03, 2022 1:26:44 PM org.apache.catalina.startup.HostConfig deployWAR
INFORMATION: Deploying web application archive C:\Users\ebel\Desktop\SDK_cloud\address-manager\application\target\apache-tomee\webapps\ROOT.war
Jun 03, 2022 1:26:44 PM org.apache.tomee.catalina.TomcatWebAppBuilder init
INFORMATION: ------------------------- localhost -> /
Jun 03, 2022 1:26:44 PM org.apache.openejb.util.JarExtractor extract
INFORMATION: Extracting jar: C:\Users\ebel\Desktop\SDK_cloud\address-manager\application\target\apache-tomee\webapps\ROOT.war
Jun 03, 2022 1:26:44 PM org.apache.openejb.util.JarExtractor extract
INFORMATION: Extracted path: C:\Users\ebel\Desktop\SDK_cloud\address-manager\application\target\apache-tomee\webapps\ROOT
Jun 03, 2022 1:26:44 PM org.apache.openejb.util.OptionsLog info
INFORMATION: Using 'openejb.session.manager=org.apache.tomee.catalina.session.QuickSessionManager'
Jun 03, 2022 1:26:46 PM org.apache.openejb.config.ConfigurationFactory configureApplication
INFORMATION: Configuring enterprise application: C:\Users\ebel\Desktop\SDK_cloud\address-manager\application\target\apache-tomee\webapps\ROOT
Jun 03, 2022 1:26:47 PM org.apache.openejb.config.ConfigurationFactory configureService
INFORMATION: Configuring Service(id=Default Managed Container, type=Container, provider-id=Default Managed Container)
Jun 03, 2022 1:26:47 PM org.apache.openejb.config.AutoConfig createContainer
INFORMATION: Auto-creating a container for bean .Comp1825605532: Container(type=MANAGED, id=Default Managed Container)
Jun 03, 2022 1:26:47 PM org.apache.openejb.assembler.classic.Assembler createRecipe
INFORMATION: Creating Container(id=Default Managed Container)
Jun 03, 2022 1:26:47 PM org.apache.openejb.core.managed.SimplePassivater init
INFORMATION: Using directory C:\Users\ebel\Desktop\SDK_cloud\address-manager\application\target\apache-tomee\temp for stateful session passivation
Jun 03, 2022 1:26:47 PM org.apache.openejb.config.AppInfoBuilder build
INFORMATION: Enterprise application "C:\Users\ebel\Desktop\SDK_cloud\address-manager\application\target\apache-tomee\webapps\ROOT" loaded.
Jun 03, 2022 1:26:47 PM org.apache.openejb.assembler.classic.Assembler createApplication
INFORMATION: Assembling app: C:\Users\ebel\Desktop\SDK_cloud\address-manager\application\target\apache-tomee\webapps\ROOT
Jun 03, 2022 1:26:47 PM org.apache.openejb.cdi.CdiBuilder initSingleton
INFORMATION: Existing thread singleton service in SystemInstance(): org.apache.openejb.cdi.ThreadSingletonServiceImpl@5e25a92e
Jun 03, 2022 1:26:47 PM org.apache.openejb.cdi.OpenEJBLifecycle startApplication
INFORMATION: OpenWebBeans Container is starting...
Jun 03, 2022 1:26:47 PM org.apache.webbeans.plugins.PluginLoader startUp
INFORMATION: Adding OpenWebBeansPlugin : [CdiPlugin]
Jun 03, 2022 1:26:47 PM org.apache.webbeans.plugins.PluginLoader startUp
INFORMATION: Adding OpenWebBeansPlugin : [OpenWebBeansJsfPlugin]
Jun 03, 2022 1:26:51 PM org.apache.webbeans.config.BeansDeployer deploySingleAnnotatedType
INFORMATION: Skipping deployment of Class class com.sap.cloud.sdk.cloudplatform.auditlog.ScpCfAuditLogdue to a NoClassDefFoundError: com/sap/xs/audit/api/exception/AuditLogNotAvailableException
Jun 03, 2022 1:26:53 PM org.apache.webbeans.config.BeansDeployer validateInjectionPoints
INFORMATION: All injection points were validated successfully.
Jun 03, 2022 1:26:53 PM org.apache.openejb.cdi.OpenEJBLifecycle startApplication
INFORMATION: OpenWebBeans Container has started, it took 5445 ms.
Jun 03, 2022 1:26:53 PM org.apache.openejb.assembler.classic.Assembler createApplication
INFORMATION: Deployed Application(path=C:\Users\ebel\Desktop\SDK_cloud\address-manager\application\target\apache-tomee\webapps\ROOT)
Jun 03, 2022 1:26:53 PM org.apache.catalina.startup.HostConfig deployWAR
INFORMATION: Deployment of web application archive C:\Users\ebel\Desktop\SDK_cloud\address-manager\application\target\apache-tomee\webapps\ROOT.war has finished in 9,563 ms
Jun 03, 2022 1:26:54 PM org.apache.coyote.AbstractProtocol start
INFORMATION: Starting ProtocolHandler ["http-bio-8080"]
Jun 03, 2022 1:26:54 PM org.apache.coyote.AbstractProtocol start
INFORMATION: Starting ProtocolHandler ["ajp-bio-8009"]
Jun 03, 2022 1:26:54 PM org.apache.catalina.startup.Catalina start
INFORMATION: Server startup in 10017 ms
